<?xml version="1.0" encoding="UTF-8"?>
<testsuite xmlns:xsi="http://www.w3.org/2001/XMLSchema-instance" xsi:noNamespaceSchemaLocation="https://maven.apache.org/surefire/maven-surefire-plugin/xsd/surefire-test-report.xsd" name="io.cagatay.MathUtilsTest" time="0.057" tests="3" errors="0" skipped="0" failures="0">
  <properties>
[...]
</properties>
  <testcase name="testComputeRadius" classname="io.cagatay.MathUtilsTest" time="0.003"/>
  <testcase name="testAdd" classname="io.cagatay.MathUtilsTest" time="0"/>
  <testcase name="testDivide" classname="io.cagatay.MathUtilsTest" time="0.005"/>
</testsuite>